Crashlog created at 2013-10-10 10:09:03 -0400

===== MESSAGE:

LoadError: cannot load such file -- mime/types
Install the 'mime-types' gem using `gem install mime-types`.

===== COMPILATION STACK:

  (empty)

===== STACK TRACE:

  0. /usr/lib/ruby/1.9.1/rubygems/custom_require.rb:36:in `require'
  1. /usr/lib/ruby/1.9.1/rubygems/custom_require.rb:36:in `require'
  2. /var/lib/gems/1.9.1/gems/nanoc-3.6.5/lib/nanoc/extra/auto_compiler.rb:17:in `initialize'
  3. /var/lib/gems/1.9.1/gems/nanoc-3.6.5/lib/nanoc/cli/commands/autocompile.rb:55:in `new'
  4. /var/lib/gems/1.9.1/gems/nanoc-3.6.5/lib/nanoc/cli/commands/autocompile.rb:55:in `run'
  5. /var/lib/gems/1.9.1/gems/nanoc-3.6.5/lib/nanoc/cli/command_runner.rb:14:in `block in call'
  6. /var/lib/gems/1.9.1/gems/nanoc-3.6.5/lib/nanoc/cli/error_handler.rb:70:in `handle_while'
  7. /var/lib/gems/1.9.1/gems/nanoc-3.6.5/lib/nanoc/cli/error_handler.rb:26:in `handle_while'
  8. /var/lib/gems/1.9.1/gems/nanoc-3.6.5/lib/nanoc/cli/command_runner.rb:13:in `call'
  9. /var/lib/gems/1.9.1/gems/cri-2.4.0/lib/cri/command_dsl.rb:185:in `block in runner'
  10. /var/lib/gems/1.9.1/gems/cri-2.4.0/lib/cri/command.rb:296:in `call'
  11. /var/lib/gems/1.9.1/gems/cri-2.4.0/lib/cri/command.rb:296:in `run_this'
  12. /var/lib/gems/1.9.1/gems/cri-2.4.0/lib/cri/command.rb:249:in `run'
  13. /var/lib/gems/1.9.1/gems/cri-2.4.0/lib/cri/command.rb:262:in `run'
  14. /var/lib/gems/1.9.1/gems/nanoc-3.6.5/lib/nanoc/cli.rb:52:in `block in run'
  15. /var/lib/gems/1.9.1/gems/nanoc-3.6.5/lib/nanoc/cli/error_handler.rb:70:in `handle_while'
  16. /var/lib/gems/1.9.1/gems/nanoc-3.6.5/lib/nanoc/cli/error_handler.rb:26:in `handle_while'
  17. /var/lib/gems/1.9.1/gems/nanoc-3.6.5/lib/nanoc/cli.rb:50:in `run'
  18. /var/lib/gems/1.9.1/gems/nanoc-3.6.5/bin/nanoc:19:in `<top (required)>'
  19. /usr/local/bin/nanoc:19:in `load'
  ... 22 more lines omitted. See full crash log for details.

===== VERSION INFORMATION:

nanoc 3.6.5 © 2007-2013 Denis Defreyne.
Running ruby 1.9.3 (2011-10-30) on x86_64-linux with RubyGems 1.8.11.

===== SYSTEM INFORMATION:

Linux jmunnings-ud 3.2.0-54-generic #82-Ubuntu SMP Tue Sep 10 20:08:42 UTC 2013 x86_64 x86_64 x86_64 GNU/Linux

===== INSTALLED GEMS:

  adsf 1.1.1
  builder 3.2.2
  classifier 1.3.3
  colorator 0.1
  colored 1.2
  commander 4.1.5
  cri 2.4.0
  directory_watcher 1.4.1
  fast-stemmer 1.0.2
  highline 1.6.19
  jekyll 1.2.1
  kramdown 1.2.0
  liquid 2.5.2
  maruku 0.7.0
  mini_portile 0.5.1
  nanoc 3.6.5
  nokogiri 1.6.0
  posix-spawn 0.3.6
  pygments.rb 0.5.2
  rack 1.5.2
  redcarpet 2.3.0
  safe_yaml 0.7.1
  yajl-ruby 1.1.0

===== ENVIRONMENT:

COLORTERM => "gnome-terminal"
COMPIZ_CONFIG_PROFILE => "ubuntu"
DBUS_SESSION_BUS_ADDRESS => "unix:abstract=/tmp/dbus-zkR6X2QnPd,guid=c8e14db605a058cafc7d8c8700000335"
DEFAULTS_PATH => "/usr/share/gconf/ubuntu.default.path"
DESKTOP_SESSION => "ubuntu"
DISPLAY => ":0"
GDMSESSION => "ubuntu"
GNOME_DESKTOP_SESSION_ID => "this-is-deprecated"
GNOME_KEYRING_CONTROL => "/tmp/keyring-6hrz4h"
GNOME_KEYRING_PID => "8946"
GPG_AGENT_INFO => "/tmp/keyring-6hrz4h/gpg:0:1"
HOME => "/home/jmunnings"
LANG => "en_CA.UTF-8"
LANGUAGE => "en_CA:"
LOGNAME => "jmunnings"
MANDATORY_PATH => "/usr/share/gconf/ubuntu.mandatory.path"
OLDPWD => "/home/jmunnings/new-apidocs/temp"
PAGER => "less"
PATH => "/home/jmunnings/bin:/oanda/system/bin:/oanda/system/sbin:/bin:/sbin:/usr/bin:/usr/sbin:/usr/bin:/usr/local/bin"
PS1 => "\\[\\033]0;\\u@\\h:\\w\\007\\]\\u@\\h:\\w$ "
PWD => "/home/jmunnings/new-apidocs"
SESSION_MANAGER => "local/jmunnings-ud:@/tmp/.ICE-unix/8957,unix/jmunnings-ud:/tmp/.ICE-unix/8957"
SHELL => "/bin/bash"
SHLVL => "1"
SSH_AGENT_PID => "8992"
SSH_AUTH_SOCK => "/tmp/keyring-6hrz4h/ssh"
TERM => "xterm"
UBUNTU_MENUPROXY => "libappmenu.so"
USER => "jmunnings"
WINDOWID => "54526522"
XAUTHORITY => "/home/jmunnings/.Xauthority"
XDG_CONFIG_DIRS => "/etc/xdg/xdg-ubuntu:/etc/xdg"
XDG_CURRENT_DESKTOP => "Unity"
XDG_DATA_DIRS => "/usr/share/ubuntu:/usr/share/gnome:/usr/local/share/:/usr/share/"
XDG_SEAT_PATH => "/org/freedesktop/DisplayManager/Seat0"
XDG_SESSION_COOKIE => "f81796a5c9aa2c25db09fa8d00000600-1380555000.337479-383004378"
XDG_SESSION_PATH => "/org/freedesktop/DisplayManager/Session1"
_ => "/usr/local/bin/nanoc"

===== GEMFILE.LOCK:

GEM
  remote: http://rubygems.org/
  specs:
    adsf (1.1.1)
      rack (>= 1.0.0)
    blankslate (3.1.2)
    builder (3.2.2)
    coderay (1.0.9)
    colored (1.2)
    cri (2.3.0)
      colored (>= 1.2)
    daemons (1.1.9)
    eventmachine (1.0.3)
    ffi (1.0.11)
    fssm (0.2.10)
    kramdown (0.13.8)
    mime-types (1.23)
    nanoc (3.4.3)
      cri (~> 2.2)
    nokogiri (1.4.7)
    pygments.rb (0.2.13)
      rubypython (~> 0.5.3)
    rack (1.5.2)
    rake (0.9.6)
    rubypython (0.5.3)
      blankslate (>= 2.1.2.3)
      ffi (~> 1.0.7)
    thin (1.5.1)
      daemons (>= 1.0.9)
      eventmachine (>= 0.12.6)
      rack (>= 1.0.0)
    yajl-ruby (0.8.3)

PLATFORMS
  ruby

DEPENDENCIES
  adsf
  builder
  coderay
  fssm
  kramdown (~> 0.13.2)
  mime-types (~> 1.16)
  nanoc (~> 3.4.3)
  nokogiri (~> 1.4.4)
  pygments.rb
  rake (~> 0.9.2)
  thin
  yajl-ruby (~> 0.8.2)

===== LOAD PATHS:

  0. /var/lib/gems/1.9.1/gems/nanoc-3.6.5/lib
  1. /var/lib/gems/1.9.1/gems/colored-1.2/lib
  2. /var/lib/gems/1.9.1/gems/cri-2.4.0/lib
  3. /var/lib/gems/1.9.1/gems/nanoc-3.6.5/lib
  4. /var/lib/gems/1.9.1/gems/rack-1.5.2/lib
  5. /usr/local/lib/site_ruby/1.9.1
  6. /usr/local/lib/site_ruby/1.9.1/x86_64-linux
  7. /usr/local/lib/site_ruby
  8. /usr/lib/ruby/vendor_ruby/1.9.1
  9. /usr/lib/ruby/vendor_ruby/1.9.1/x86_64-linux
  10. /usr/lib/ruby/vendor_ruby
  11. /usr/lib/ruby/1.9.1
  12. /usr/lib/ruby/1.9.1/x86_64-linux
